2026-01-04 20:06:42,295 - app.main - INFO - Created new anonymous user: AIRDrfu_8QetIAc
2026-01-04 20:19:20,038 - app.main - INFO - Created new anonymous user: 3eMpIAIwOoEY-DE
2026-01-04 21:08:46,591 - app.main - INFO - Created new anonymous user: lLCexpBBM77Pu-c
2026-01-04 22:40:22,805 - app.main - INFO - Created new anonymous user: GgmpIAn57td7dpA
2026-01-04 22:43:03,772 - app.main - INFO - Created new anonymous user: hNYdw3azWEu4-QI
2026-01-04 22:43:11,107 - app.main - INFO - Created new anonymous user: xWyiDyXR2HkJQX4
2026-01-04 22:43:11,127 - app.main - INFO - Created new anonymous user: mA3Qldyu32MvqSk
2026-01-04 22:43:53,666 - app.main - INFO - Created new anonymous user: sI-63jsfGvdD6fE
2026-01-04 22:44:05,558 - app.main - INFO - Created new anonymous user: QA_WTDwxJ2q0LgQ
2026-01-04 22:44:05,578 - app.main - INFO - Created new anonymous user: CG2NBqTLi6z90UU
2026-01-04 23:04:06,857 - app.main - INFO - Generated new secure session ID: 5yQJZWrkZ8M-SwQ
2026-01-04 23:07:27,055 - app.main - INFO - Created new anonymous user: THxDYZw8qi4LgIg
2026-01-04 23:07:38,542 - app.main - INFO - Created new anonymous user: gWqoman_R4BlON0
2026-01-04 23:07:38,561 - app.main - INFO - Created new anonymous user: kH1_yEeyIVjJ_4A
2026-01-04 23:08:17,609 - app.main - INFO - Created new anonymous user: LIthw3sMQkDecpM
2026-01-04 23:08:26,906 - app.main - INFO - Created new anonymous user: 4FUWLHV0XL4f_b4
2026-01-04 23:08:26,919 - app.main - INFO - Created new anonymous user: mlBqVZ352neD5SQ
2026-01-04 23:09:11,063 - app.main - INFO - Created new anonymous user: fcMmr6GLnU1xpUk
2026-01-04 23:09:21,409 - app.main - INFO - Created new anonymous user: h0QUExYkOGKysmM
2026-01-04 23:09:21,425 - app.main - INFO - Created new anonymous user: UzeY1iZQZjI_P4M
2026-01-04 23:11:13,035 - app.main - INFO - Created new anonymous user: h-vuHpfXhYtAwsk
2026-01-04 23:11:23,242 - app.main - INFO - Created new anonymous user: IzTO_KiiK_-68OQ
2026-01-04 23:11:23,263 - app.main - INFO - Created new anonymous user: zDEpy8nGe4kN9mc
2026-01-04 23:12:33,484 - app.main - INFO - Created new anonymous user: VopSHUZXk2X3KuY
2026-01-04 23:12:43,028 - app.main - INFO - Created new anonymous user: 0swpF0lIBLJf5hQ
2026-01-04 23:12:43,057 - app.main - INFO - Created new anonymous user: GS4l1vQ2msiavoU
2026-01-04 23:14:14,616 - app.main - INFO - Created new anonymous user: bMUEjeluaBFLVvg
2026-01-04 23:14:24,495 - app.main - INFO - Created new anonymous user: 4nYBXxbI8SL5JjY
2026-01-04 23:14:24,505 - app.main - INFO - Created new anonymous user: KRz12utOBChZVzc
2026-01-04 23:14:58,892 - app.main - INFO - Created new anonymous user: MZ-gjD3FcTaHALU
2026-01-04 23:15:05,413 - app.main - INFO - Created new anonymous user: 6-L08QC3JqDq520
2026-01-04 23:15:05,423 - app.main - INFO - Created new anonymous user: AYqpfHgUuBih8ws
2026-01-04 23:16:39,448 - app.main - INFO - Created new anonymous user: aB5bYb91w4b1Al8
2026-01-04 23:16:49,218 - app.main - INFO - Created new anonymous user: Z0nO7G_9f4KFmGU
2026-01-04 23:16:49,230 - app.main - INFO - Created new anonymous user: riPuO5Tp1V2L9eQ
2026-01-04 23:18:38,263 - app.main - INFO - Created new anonymous user: 1q_Be6LwhoD3fVA
2026-01-04 23:18:47,499 - app.main - INFO - Created new anonymous user: dZti7Ld1_JuWcGo
2026-01-04 23:18:47,509 - app.main - INFO - Created new anonymous user: rcWg1BlDrZT3PJE
2026-01-04 23:19:37,925 - app.main - INFO - Created new anonymous user: DuxyQ9U3DNSQbGI
2026-01-04 23:19:50,987 - app.main - INFO - Created new anonymous user: l7QVYGFFSQmEuvY
2026-01-04 23:19:50,996 - app.main - INFO - Created new anonymous user: mT4cfFz9nJ2mtls
2026-01-04 23:21:22,394 - app.main - INFO - Created new anonymous user: 9pLm7s3EHCCty60
2026-01-04 23:21:36,905 - app.main - INFO - Created new anonymous user: srFxTYZbvfJeKmQ
2026-01-04 23:21:36,916 - app.main - INFO - Created new anonymous user: LuKlyWPHyj1yAhk
2026-01-04 23:22:18,586 - app.main - INFO - Created new anonymous user: Cn2-jLM92UWIAaY
2026-01-04 23:22:31,278 - app.main - INFO - Created new anonymous user: 3eeD3bwVGyC-2JA
2026-01-04 23:22:31,320 - app.main - INFO - Created new anonymous user: idni3hQUG0fkioU
2026-01-04 23:22:50,568 - app.main - INFO - Created new anonymous user: bOB5FqLK-l4w_p4
2026-01-04 23:23:03,734 - app.main - INFO - Created new anonymous user: AawW9SxxIqoTMfY
2026-01-04 23:23:03,759 - app.main - INFO - Created new anonymous user: opIMjqd8Y8BzAro
2026-01-04 23:24:53,266 - app.main - INFO - Created new anonymous user: -wdnn9oFHRgcFzs
2026-01-04 23:25:10,271 - app.main - INFO - Created new anonymous user: VVy6-Ye56iTbru8
2026-01-04 23:25:10,281 - app.main - INFO - Created new anonymous user: k3cWE8ZxpdG8tUM
2026-01-04 23:27:14,669 - app.main - INFO - Created new anonymous user: ibiZb4r8rO_nGj0
2026-01-04 23:27:34,830 - app.main - INFO - Created new anonymous user: E9n3kz4QZ8268EY
2026-01-04 23:27:34,839 - app.main - INFO - Created new anonymous user: OilZFLDW97IgCNY
2026-01-04 23:43:30,133 - app.main - ERROR - Auth Error: no such table: users
2026-01-04 23:43:30,837 - app.main - ERROR - Auth Error: no such table: users
2026-01-04 23:43:46,159 - app.main - ERROR - Auth Error: no such table: users
2026-01-04 23:43:47,011 - app.main - ERROR - Auth Error: no such table: users
2026-01-04 23:45:49,337 - app.main - INFO - Created new anonymous user: Sw9yD3RcCOvfIZg
2026-01-04 23:46:10,154 - app.main - INFO - Created new anonymous user: hgYBk4wZtRRDlT8
2026-01-04 23:46:10,171 - app.main - INFO - Created new anonymous user: V0lASPTDs8IP9II
2026-01-04 23:51:42,480 - app.main - INFO - Created new anonymous user: 1jiwY760XcfnG6g
2026-01-04 23:52:02,549 - app.main - INFO - Created new anonymous user: TYaYOxhjJiYW0R0
2026-01-04 23:52:02,560 - app.main - INFO - Created new anonymous user: 2DC-NZEwAloX9YU
2026-01-04 23:54:51,858 - app.main - INFO - Generated new secure session ID: IXeM8lS-R0VXe4g
2026-01-05 00:54:59,358 - __main__ - INFO - Created new anonymous user: pdPHfZBMMOR4Zfa9
2026-01-05 00:59:39,988 - app.main - INFO - Created new anonymous user: kZYwqzb1EHWSB9Vv
2026-01-05 13:05:58,538 - __main__ - INFO - Created new anonymous user: 7JGe60W2Y9YHDQt6
2026-01-05 13:22:24,745 - __main__ - INFO - Created new anonymous user: OW5_vn5NZeybi2E8
2026-01-05 13:23:57,695 - __main__ - INFO - Created new anonymous user: KE4EYOH849Sck5sb
2026-01-05 14:53:19,728 - __main__ - ERROR - Startup Error: DiaryStorage.update_user_profile() got an unexpected keyword argument 'onboarding_step'
2026-01-05 14:53:22,927 - __main__ - ERROR - Startup Error: DiaryStorage.update_user_profile() got an unexpected keyword argument 'onboarding_step'
2026-01-05 14:53:25,680 - __main__ - ERROR - Startup Error: DiaryStorage.update_user_profile() got an unexpected keyword argument 'onboarding_step'
2026-01-05 14:55:41,027 - __main__ - INFO - Generated new session ID at startup: viigffIYDA2Q8Z90
2026-01-05 14:55:41,042 - __main__ - ERROR - Startup Error: DiaryStorage.update_user_profile() got an unexpected keyword argument 'onboarding_step'
2026-01-05 14:56:53,854 - __main__ - INFO - Generated new session ID at startup: vZ1YYYehr3jec8eC
2026-01-05 14:56:53,858 - __main__ - ERROR - Startup Error: DiaryStorage.update_user_profile() got an unexpected keyword argument 'onboarding_step'
2026-01-05 14:56:56,812 - __main__ - INFO - Generated new session ID at startup: zaSVgxsmVx6gxyGo
2026-01-05 14:56:56,815 - __main__ - ERROR - Startup Error: DiaryStorage.update_user_profile() got an unexpected keyword argument 'onboarding_step'
2026-01-05 15:08:18,398 - __main__ - ERROR - Startup Error: DiaryStorage.update_user_profile() got an unexpected keyword argument 'onboarding_step'
2026-01-05 15:12:14,129 - __main__ - INFO - Generated new session ID at startup: KOa6hGIG8QXvZhZe
2026-01-05 15:12:36,099 - __main__ - INFO - Generated new session ID at startup: vxdRrsMJtLs02jU8
2026-01-05 16:51:54,384 - __main__ - INFO - Generated new session ID at startup: VLCLRlo_qZMrZZHf
